<?xml version="1.0" encoding="UTF-8"?>
<!-- Generated by org.testng.reporters.JUnitReportReporter -->
<testsuite hostname="DESKTOP-9UDBRE0" failures="0" tests="1" name="com.qa.testcases.AddMultipleItemsTest" time="3.771" errors="0" timestamp="2025-10-06T13:54:54 IST" skipped="0">
  <testcase classname="com.qa.testcases.AddMultipleItemsTest" name="verifyAddingAllItemsToCart" time="3.771"/>
</testsuite> <!-- com.qa.testcases.AddMultipleItemsTest -->
