<?xml version="1.0" encoding="UTF-8"?>
<!-- Generated by org.testng.reporters.JUnitReportReporter -->
<testsuite hostname="DESKTOP-9UDBRE0" failures="0" tests="1" name="com.qa.testcases.CartTest" time="3.041" errors="0" timestamp="2025-10-06T13:54:54 IST" skipped="0">
  <testcase classname="com.qa.testcases.CartTest" name="verifyAddToCart" time="3.041"/>
</testsuite> <!-- com.qa.testcases.CartTest -->
