<?xml version="1.0" encoding="UTF-8"?>
<!-- Generated by org.testng.reporters.JUnitReportReporter -->
<testsuite hostname="DESKTOP-9UDBRE0" failures="0" tests="2" name="com.qa.testcases.LoginTest" time="6.479" errors="0" timestamp="2025-10-06T13:54:54 IST" skipped="0">
  <testcase classname="com.qa.testcases.LoginTest" name="verifyInvalidLogin" time="4.071"/>
  <testcase classname="com.qa.testcases.LoginTest" name="verifyvalidLogin" time="2.408"/>
</testsuite> <!-- com.qa.testcases.LoginTest -->
